Server is running on port 3001
auth kontrol ediliyor
checklogs[0].status-->  ABOVE
checklogs[0].status-->  BELOW
checklogs[0].status-->  ABOVE
checklogs[0].status-->  BELOW
checklogs[0].status-->  BELOW
checklogs[0].status-->  BELOW
checklogs[0].status-->  BELOW
checklogs[0].status-->  BELOW
checklogs[0].status-->  BELOW
checklogs[0].status-->  BELOW
checklogs[0].status-->  BELOW
checklogs[0].status-->  BELOW
checklogs[0].status-->  BELOW
checklogs[0].status-->  BELOW
checklogs[0].status-->  ABOVE
checklogs[0].status-->  ABOVE
checklogs[0].status-->  BELOW
checklogs[0].status-->  BELOW
checklogs[0].status-->  ABOVE
checklogs[0].status-->  BELOW
checklogs[0].status-->  BELOW
checklogs[0].status-->  ABOVE
checklogs[0].status-->  BELOW
checklogs[0].status-->  BELOW
checklogs[0].status-->  ABOVE
checklogs[0].status-->  BELOW
checklogs[0].status-->  ABOVE
checklogs[0].status-->  BELOW
checklogs[0].status-->  BELOW
checklogs[0].status-->  BELOW
checklogs[0].status-->  ABOVE
checklogs[0].status-->  ABOVE
checklogs[0].status-->  BELOW
checklogs[0].status-->  ABOVE
checklogs[0].status-->  ABOVE
auth kontrol ediliyor
checklogs[0].status-->  BELOW
checklogs[0].status-->  BELOW
checklogs[0].status-->  ABOVE
checklogs[0].status-->  ABOVE
checklogs[0].status-->  BELOW
checklogs[0].status-->  ABOVE
checklogs[0].status-->  ABOVE
checklogs[0].status-->  BELOW
checklogs[0].status-->  BELOW
checklogs[0].status-->  BELOW
checklogs[0].status-->  BELOW
checklogs[0].status-->  BELOW
checklogs[0].status-->  ABOVE
checklogs[0].status-->  BELOW
checklogs[0].status-->  BELOW
checklogs[0].status-->  BELOW
checklogs[0].status-->  BELOW
checklogs[0].status-->  BELOW
checklogs[0].status-->  BELOW
checklogs[0].status-->  BELOW
checklogs[0].status-->  BELOW
checklogs[0].status-->  BELOW
checklogs[0].status-->  ABOVE
checklogs[0].status-->  BELOW
checklogs[0].status-->  ABOVE
checklogs[0].status-->  BELOW
checklogs[0].status-->  ABOVE
checklogs[0].status-->  BELOW
checklogs[0].status-->  ABOVE
checklogs[0].status-->  BELOW
checklogs[0].status-->  ABOVE
checklogs[0].status-->  BELOW
checklogs[0].status-->  BELOW
checklogs[0].status-->  ABOVE
checklogs[0].status-->  ABOVE
auth kontrol ediliyor
checklogs[0].status-->  BELOW
checklogs[0].status-->  ABOVE
checklogs[0].status-->  BELOW
checklogs[0].status-->  ABOVE
checklogs[0].status-->  BELOW
checklogs[0].status-->  ABOVE
checklogs[0].status-->  BELOW
checklogs[0].status-->  BELOW
checklogs[0].status-->  BELOW
checklogs[0].status-->  BELOW
checklogs[0].status-->  ABOVE
checklogs[0].status-->  BELOW
checklogs[0].status-->  ABOVE
checklogs[0].status-->  BELOW
checklogs[0].status-->  ABOVE
checklogs[0].status-->  BELOW
checklogs[0].status-->  ABOVE
checklogs[0].status-->  BELOW
checklogs[0].status-->  ABOVE
checklogs[0].status-->  BELOW
checklogs[0].status-->  ABOVE
checklogs[0].status-->  BELOW
checklogs[0].status-->  BELOW
checklogs[0].status-->  BELOW
checklogs[0].status-->  BELOW
checklogs[0].status-->  BELOW
checklogs[0].status-->  BELOW
checklogs[0].status-->  BELOW
checklogs[0].status-->  ABOVE
checklogs[0].status-->  ABOVE
checklogs[0].status-->  BELOW
checklogs[0].status-->  BELOW
checklogs[0].status-->  ABOVE
checklogs[0].status-->  BELOW
checklogs[0].status-->  BELOW
auth kontrol ediliyor
checklogs[0].status-->  BELOW
checklogs[0].status-->  ABOVE
checklogs[0].status-->  BELOW
checklogs[0].status-->  ABOVE
checklogs[0].status-->  BELOW
checklogs[0].status-->  ABOVE
checklogs[0].status-->  BELOW
checklogs[0].status-->  BELOW
checklogs[0].status-->  BELOW
checklogs[0].status-->  BELOW
checklogs[0].status-->  ABOVE
checklogs[0].status-->  BELOW
checklogs[0].status-->  ABOVE
checklogs[0].status-->  BELOW
checklogs[0].status-->  ABOVE
checklogs[0].status-->  BELOW
checklogs[0].status-->  ABOVE
checklogs[0].status-->  BELOW
checklogs[0].status-->  ABOVE
checklogs[0].status-->  ABOVE
checklogs[0].status-->  BELOW
checklogs[0].status-->  BELOW
checklogs[0].status-->  BELOW
checklogs[0].status-->  BELOW
checklogs[0].status-->  BELOW
checklogs[0].status-->  ABOVE
checklogs[0].status-->  BELOW
checklogs[0].status-->  ABOVE
checklogs[0].status-->  BELOW
checklogs[0].status-->  BELOW
checklogs[0].status-->  BELOW
checklogs[0].status-->  BELOW
checklogs[0].status-->  BELOW
checklogs[0].status-->  ABOVE
checklogs[0].status-->  BELOW
auth kontrol ediliyor
checklogs[0].status-->  BELOW
checklogs[0].status-->  ABOVE
checklogs[0].status-->  BELOW
checklogs[0].status-->  ABOVE
checklogs[0].status-->  BELOW
checklogs[0].status-->  ABOVE
checklogs[0].status-->  BELOW
checklogs[0].status-->  BELOW
checklogs[0].status-->  BELOW
checklogs[0].status-->  BELOW
checklogs[0].status-->  ABOVE
checklogs[0].status-->  BELOW
checklogs[0].status-->  ABOVE
checklogs[0].status-->  BELOW
checklogs[0].status-->  ABOVE
checklogs[0].status-->  BELOW
checklogs[0].status-->  ABOVE
checklogs[0].status-->  BELOW
checklogs[0].status-->  ABOVE
checklogs[0].status-->  BELOW
checklogs[0].status-->  ABOVE
checklogs[0].status-->  BELOW
checklogs[0].status-->  BELOW
checklogs[0].status-->  BELOW
checklogs[0].status-->  BELOW
checklogs[0].status-->  BELOW
checklogs[0].status-->  ABOVE
checklogs[0].status-->  BELOW
checklogs[0].status-->  BELOW
checklogs[0].status-->  BELOW
checklogs[0].status-->  ABOVE
checklogs[0].status-->  BELOW
checklogs[0].status-->  BELOW
checklogs[0].status-->  ABOVE
checklogs[0].status-->  BELOW
auth kontrol ediliyor
checklogs[0].status-->  BELOW
checklogs[0].status-->  ABOVE
checklogs[0].status-->  BELOW
checklogs[0].status-->  ABOVE
checklogs[0].status-->  BELOW
checklogs[0].status-->  ABOVE
checklogs[0].status-->  BELOW
checklogs[0].status-->  BELOW
checklogs[0].status-->  BELOW
checklogs[0].status-->  BELOW
checklogs[0].status-->  ABOVE
checklogs[0].status-->  BELOW
checklogs[0].status-->  ABOVE
checklogs[0].status-->  BELOW
checklogs[0].status-->  ABOVE
checklogs[0].status-->  BELOW
checklogs[0].status-->  ABOVE
checklogs[0].status-->  BELOW
checklogs[0].status-->  ABOVE
checklogs[0].status-->  BELOW
checklogs[0].status-->  ABOVE
checklogs[0].status-->  BELOW
checklogs[0].status-->  BELOW
checklogs[0].status-->  BELOW
checklogs[0].status-->  BELOW
checklogs[0].status-->  BELOW
checklogs[0].status-->  BELOW
checklogs[0].status-->  ABOVE
checklogs[0].status-->  BELOW
checklogs[0].status-->  BELOW
checklogs[0].status-->  BELOW
checklogs[0].status-->  BELOW
checklogs[0].status-->  ABOVE
checklogs[0].status-->  ABOVE
checklogs[0].status-->  BELOW
auth kontrol ediliyor
checklogs[0].status-->  BELOW
checklogs[0].status-->  ABOVE
checklogs[0].status-->  BELOW
checklogs[0].status-->  ABOVE
checklogs[0].status-->  BELOW
checklogs[0].status-->  ABOVE
checklogs[0].status-->  BELOW
checklogs[0].status-->  BELOW
checklogs[0].status-->  BELOW
checklogs[0].status-->  BELOW
checklogs[0].status-->  ABOVE
checklogs[0].status-->  BELOW
checklogs[0].status-->  ABOVE
checklogs[0].status-->  BELOW
checklogs[0].status-->  BELOW
checklogs[0].status-->  ABOVE
checklogs[0].status-->  BELOW
checklogs[0].status-->  ABOVE
checklogs[0].status-->  BELOW
checklogs[0].status-->  ABOVE
checklogs[0].status-->  BELOW
checklogs[0].status-->  ABOVE
checklogs[0].status-->  BELOW
checklogs[0].status-->  BELOW
checklogs[0].status-->  BELOW
checklogs[0].status-->  BELOW
checklogs[0].status-->  BELOW
checklogs[0].status-->  BELOW
checklogs[0].status-->  ABOVE
checklogs[0].status-->  BELOW
checklogs[0].status-->  ABOVE
checklogs[0].status-->  BELOW
checklogs[0].status-->  BELOW
checklogs[0].status-->  ABOVE
checklogs[0].status-->  BELOW
auth kontrol ediliyor
checklogs[0].status-->  BELOW
checklogs[0].status-->  ABOVE
checklogs[0].status-->  BELOW
checklogs[0].status-->  ABOVE
checklogs[0].status-->  BELOW
checklogs[0].status-->  ABOVE
checklogs[0].status-->  BELOW
checklogs[0].status-->  BELOW
checklogs[0].status-->  BELOW
checklogs[0].status-->  BELOW
checklogs[0].status-->  ABOVE
checklogs[0].status-->  BELOW
checklogs[0].status-->  ABOVE
checklogs[0].status-->  BELOW
checklogs[0].status-->  ABOVE
checklogs[0].status-->  ABOVE
checklogs[0].status-->  ABOVE
checklogs[0].status-->  BELOW
checklogs[0].status-->  BELOW
checklogs[0].status-->  BELOW
checklogs[0].status-->  BELOW
checklogs[0].status-->  ABOVE
checklogs[0].status-->  BELOW
checklogs[0].status-->  BELOW
checklogs[0].status-->  BELOW
checklogs[0].status-->  BELOW
checklogs[0].status-->  BELOW
checklogs[0].status-->  BELOW
checklogs[0].status-->  BELOW
checklogs[0].status-->  BELOW
checklogs[0].status-->  ABOVE
checklogs[0].status-->  ABOVE
checklogs[0].status-->  BELOW
checklogs[0].status-->  BELOW
checklogs[0].status-->  ABOVE
auth kontrol ediliyor
checklogs[0].status-->  BELOW
checklogs[0].status-->  ABOVE
checklogs[0].status-->  BELOW
checklogs[0].status-->  BELOW
checklogs[0].status-->  ABOVE
checklogs[0].status-->  ABOVE
checklogs[0].status-->  BELOW
checklogs[0].status-->  BELOW
checklogs[0].status-->  BELOW
checklogs[0].status-->  BELOW
checklogs[0].status-->  ABOVE
checklogs[0].status-->  BELOW
checklogs[0].status-->  ABOVE
checklogs[0].status-->  BELOW
checklogs[0].status-->  ABOVE
checklogs[0].status-->  BELOW
checklogs[0].status-->  ABOVE
checklogs[0].status-->  BELOW
checklogs[0].status-->  ABOVE
checklogs[0].status-->  BELOW
checklogs[0].status-->  ABOVE
checklogs[0].status-->  BELOW
checklogs[0].status-->  BELOW
checklogs[0].status-->  BELOW
checklogs[0].status-->  BELOW
checklogs[0].status-->  BELOW
checklogs[0].status-->  BELOW
checklogs[0].status-->  ABOVE
checklogs[0].status-->  BELOW
checklogs[0].status-->  BELOW
checklogs[0].status-->  ABOVE
checklogs[0].status-->  BELOW
checklogs[0].status-->  BELOW
checklogs[0].status-->  ABOVE
checklogs[0].status-->  BELOW
auth kontrol ediliyor
auth kontrol ediliyor
checklogs[0].status-->  BELOW
checklogs[0].status-->  ABOVE
checklogs[0].status-->  BELOW
checklogs[0].status-->  ABOVE
checklogs[0].status-->  BELOW
checklogs[0].status-->  ABOVE
checklogs[0].status-->  BELOW
checklogs[0].status-->  ABOVE
checklogs[0].status-->  BELOW
checklogs[0].status-->  BELOW
checklogs[0].status-->  ABOVE
checklogs[0].status-->  BELOW
checklogs[0].status-->  ABOVE
checklogs[0].status-->  BELOW
checklogs[0].status-->  BELOW
checklogs[0].status-->  ABOVE
checklogs[0].status-->  BELOW
checklogs[0].status-->  ABOVE
checklogs[0].status-->  BELOW
checklogs[0].status-->  ABOVE
checklogs[0].status-->  BELOW
checklogs[0].status-->  BELOW
checklogs[0].status-->  BELOW
checklogs[0].status-->  BELOW
checklogs[0].status-->  ABOVE
checklogs[0].status-->  BELOW
checklogs[0].status-->  ABOVE
checklogs[0].status-->  BELOW
checklogs[0].status-->  BELOW
checklogs[0].status-->  BELOW
checklogs[0].status-->  BELOW
checklogs[0].status-->  ABOVE
checklogs[0].status-->  ABOVE
checklogs[0].status-->  BELOW
checklogs[0].status-->  BELOW
auth kontrol ediliyor
checklogs[0].status-->  BELOW
checklogs[0].status-->  BELOW
checklogs[0].status-->  ABOVE
checklogs[0].status-->  BELOW
checklogs[0].status-->  ABOVE
checklogs[0].status-->  ABOVE
checklogs[0].status-->  BELOW
checklogs[0].status-->  BELOW
checklogs[0].status-->  BELOW
checklogs[0].status-->  ABOVE
checklogs[0].status-->  ABOVE
checklogs[0].status-->  BELOW
checklogs[0].status-->  ABOVE
checklogs[0].status-->  BELOW
checklogs[0].status-->  BELOW
checklogs[0].status-->  ABOVE
checklogs[0].status-->  BELOW
checklogs[0].status-->  BELOW
checklogs[0].status-->  BELOW
checklogs[0].status-->  BELOW
checklogs[0].status-->  BELOW
checklogs[0].status-->  ABOVE
checklogs[0].status-->  ABOVE
checklogs[0].status-->  ABOVE
checklogs[0].status-->  ABOVE
checklogs[0].status-->  BELOW
checklogs[0].status-->  BELOW
checklogs[0].status-->  ABOVE
checklogs[0].status-->  ABOVE
checklogs[0].status-->  BELOW
checklogs[0].status-->  BELOW
checklogs[0].status-->  BELOW
checklogs[0].status-->  BELOW
checklogs[0].status-->  BELOW
checklogs[0].status-->  BELOW
auth kontrol ediliyor
checklogs[0].status-->  BELOW
checklogs[0].status-->  ABOVE
checklogs[0].status-->  BELOW
checklogs[0].status-->  ABOVE
checklogs[0].status-->  BELOW
checklogs[0].status-->  ABOVE
checklogs[0].status-->  BELOW
checklogs[0].status-->  BELOW
checklogs[0].status-->  BELOW
checklogs[0].status-->  BELOW
checklogs[0].status-->  ABOVE
checklogs[0].status-->  BELOW
checklogs[0].status-->  ABOVE
checklogs[0].status-->  BELOW
checklogs[0].status-->  BELOW
checklogs[0].status-->  ABOVE
checklogs[0].status-->  BELOW
checklogs[0].status-->  ABOVE
checklogs[0].status-->  BELOW
checklogs[0].status-->  ABOVE
checklogs[0].status-->  BELOW
checklogs[0].status-->  BELOW
checklogs[0].status-->  ABOVE
checklogs[0].status-->  BELOW
checklogs[0].status-->  BELOW
checklogs[0].status-->  BELOW
checklogs[0].status-->  BELOW
checklogs[0].status-->  BELOW
checklogs[0].status-->  BELOW
checklogs[0].status-->  BELOW
checklogs[0].status-->  ABOVE
checklogs[0].status-->  BELOW
checklogs[0].status-->  BELOW
checklogs[0].status-->  ABOVE
checklogs[0].status-->  ABOVE
auth kontrol ediliyor
checklogs[0].status-->  ABOVE
checklogs[0].status-->  ABOVE
checklogs[0].status-->  ABOVE
checklogs[0].status-->  BELOW
checklogs[0].status-->  ABOVE
checklogs[0].status-->  BELOW
checklogs[0].status-->  BELOW
checklogs[0].status-->  ABOVE
checklogs[0].status-->  BELOW
checklogs[0].status-->  ABOVE
checklogs[0].status-->  BELOW
checklogs[0].status-->  ABOVE
checklogs[0].status-->  BELOW
checklogs[0].status-->  ABOVE
checklogs[0].status-->  BELOW
checklogs[0].status-->  BELOW
checklogs[0].status-->  BELOW
checklogs[0].status-->  BELOW
checklogs[0].status-->  ABOVE
checklogs[0].status-->  BELOW
checklogs[0].status-->  ABOVE
checklogs[0].status-->  BELOW
checklogs[0].status-->  BELOW
checklogs[0].status-->  BELOW
checklogs[0].status-->  BELOW
checklogs[0].status-->  BELOW
checklogs[0].status-->  BELOW
checklogs[0].status-->  BELOW
checklogs[0].status-->  ABOVE
checklogs[0].status-->  BELOW
checklogs[0].status-->  ABOVE
checklogs[0].status-->  BELOW
checklogs[0].status-->  BELOW
checklogs[0].status-->  BELOW
auth kontrol ediliyor
checklogs[0].status-->  ABOVE
checklogs[0].status-->  ABOVE
checklogs[0].status-->  BELOW
checklogs[0].status-->  ABOVE
checklogs[0].status-->  BELOW
checklogs[0].status-->  BELOW
checklogs[0].status-->  BELOW
checklogs[0].status-->  ABOVE
checklogs[0].status-->  BELOW
checklogs[0].status-->  ABOVE
checklogs[0].status-->  BELOW
checklogs[0].status-->  BELOW
checklogs[0].status-->  BELOW
checklogs[0].status-->  BELOW
checklogs[0].status-->  BELOW
checklogs[0].status-->  BELOW
checklogs[0].status-->  BELOW
checklogs[0].status-->  ABOVE
checklogs[0].status-->  BELOW
checklogs[0].status-->  BELOW
checklogs[0].status-->  ABOVE
checklogs[0].status-->  BELOW
checklogs[0].status-->  ABOVE
checklogs[0].status-->  ABOVE
checklogs[0].status-->  BELOW
checklogs[0].status-->  BELOW
checklogs[0].status-->  ABOVE
checklogs[0].status-->  ABOVE
checklogs[0].status-->  BELOW
checklogs[0].status-->  BELOW
checklogs[0].status-->  BELOW
checklogs[0].status-->  BELOW
checklogs[0].status-->  ABOVE
auth kontrol ediliyor
Update alert and detail request: {
  alertid: '7',
  detailid: '7',
  title: '',
  type: 'TARGET_UPPER',
  interval: '1h',
  target_value: 0.4582,
  lower_value: null,
  upper_value: null
}
auth kontrol ediliyor
Update alert and detail request: {
  alertid: '9',
  detailid: '9',
  title: '',
  type: 'TARGET_UPPER',
  interval: '1h',
  target_value: 2.66,
  lower_value: null,
  upper_value: null
}
auth kontrol ediliyor
auth kontrol ediliyor
checklogs[0].status-->  BELOW
checklogs[0].status-->  BELOW
checklogs[0].status-->  ABOVE
checklogs[0].status-->  BELOW
checklogs[0].status-->  ABOVE
checklogs[0].status-->  BELOW
checklogs[0].status-->  ABOVE
checklogs[0].status-->  ABOVE
checklogs[0].status-->  BELOW
checklogs[0].status-->  ABOVE
checklogs[0].status-->  BELOW
checklogs[0].status-->  BELOW
checklogs[0].status-->  ABOVE
checklogs[0].status-->  BELOW
checklogs[0].status-->  BELOW
checklogs[0].status-->  BELOW
checklogs[0].status-->  BELOW
checklogs[0].status-->  BELOW
checklogs[0].status-->  BELOW
checklogs[0].status-->  ABOVE
checklogs[0].status-->  BELOW
checklogs[0].status-->  BELOW
checklogs[0].status-->  BELOW
checklogs[0].status-->  BELOW
checklogs[0].status-->  ABOVE
checklogs[0].status-->  BELOW
checklogs[0].status-->  BELOW
checklogs[0].status-->  ABOVE
checklogs[0].status-->  ABOVE
checklogs[0].status-->  ABOVE
checklogs[0].status-->  BELOW
checklogs[0].status-->  BELOW
auth kontrol ediliyor
auth kontrol ediliyor
checklogs[0].status-->  BELOW
checklogs[0].status-->  BELOW
checklogs[0].status-->  BELOW
checklogs[0].status-->  ABOVE
checklogs[0].status-->  BELOW
checklogs[0].status-->  BELOW
checklogs[0].status-->  ABOVE
checklogs[0].status-->  BELOW
checklogs[0].status-->  ABOVE
checklogs[0].status-->  BELOW
checklogs[0].status-->  ABOVE
checklogs[0].status-->  BELOW
checklogs[0].status-->  ABOVE
checklogs[0].status-->  BELOW
checklogs[0].status-->  BELOW
checklogs[0].status-->  ABOVE
checklogs[0].status-->  BELOW
checklogs[0].status-->  ABOVE
checklogs[0].status-->  BELOW
checklogs[0].status-->  BELOW
checklogs[0].status-->  BELOW
checklogs[0].status-->  BELOW
checklogs[0].status-->  BELOW
checklogs[0].status-->  BELOW
checklogs[0].status-->  BELOW
checklogs[0].status-->  ABOVE
checklogs[0].status-->  BELOW
checklogs[0].status-->  ABOVE
checklogs[0].status-->  ABOVE
checklogs[0].status-->  BELOW
checklogs[0].status-->  BELOW
auth kontrol ediliyor
auth kontrol ediliyor
checklogs[0].status-->  BELOW
checklogs[0].status-->  BELOW
checklogs[0].status-->  BELOW
checklogs[0].status-->  BELOW
checklogs[0].status-->  ABOVE
checklogs[0].status-->  BELOW
checklogs[0].status-->  BELOW
checklogs[0].status-->  ABOVE
checklogs[0].status-->  BELOW
checklogs[0].status-->  ABOVE
checklogs[0].status-->  BELOW
checklogs[0].status-->  BELOW
checklogs[0].status-->  BELOW
checklogs[0].status-->  ABOVE
checklogs[0].status-->  ABOVE
checklogs[0].status-->  BELOW
checklogs[0].status-->  ABOVE
checklogs[0].status-->  BELOW
checklogs[0].status-->  BELOW
checklogs[0].status-->  ABOVE
checklogs[0].status-->  BELOW
checklogs[0].status-->  BELOW
checklogs[0].status-->  BELOW
checklogs[0].status-->  BELOW
checklogs[0].status-->  ABOVE
checklogs[0].status-->  BELOW
checklogs[0].status-->  BELOW
checklogs[0].status-->  BELOW
checklogs[0].status-->  BELOW
checklogs[0].status-->  ABOVE
auth kontrol ediliyor
auth kontrol ediliyor
checklogs[0].status-->  BELOW
checklogs[0].status-->  BELOW
checklogs[0].status-->  BELOW
checklogs[0].status-->  BELOW
checklogs[0].status-->  BELOW
checklogs[0].status-->  BELOW
checklogs[0].status-->  ABOVE
checklogs[0].status-->  BELOW
checklogs[0].status-->  BELOW
checklogs[0].status-->  ABOVE
checklogs[0].status-->  BELOW
checklogs[0].status-->  ABOVE
checklogs[0].status-->  BELOW
checklogs[0].status-->  BELOW
checklogs[0].status-->  BELOW
checklogs[0].status-->  BELOW
checklogs[0].status-->  BELOW
checklogs[0].status-->  BELOW
checklogs[0].status-->  BELOW
checklogs[0].status-->  ABOVE
checklogs[0].status-->  BELOW
checklogs[0].status-->  BELOW
checklogs[0].status-->  ABOVE
checklogs[0].status-->  BELOW
checklogs[0].status-->  BELOW
checklogs[0].status-->  ABOVE
checklogs[0].status-->  ABOVE
checklogs[0].status-->  ABOVE
checklogs[0].status-->  BELOW
auth kontrol ediliyor
auth kontrol ediliyor
checklogs[0].status-->  BELOW
checklogs[0].status-->  BELOW
checklogs[0].status-->  BELOW
checklogs[0].status-->  BELOW
checklogs[0].status-->  BELOW
checklogs[0].status-->  BELOW
checklogs[0].status-->  BELOW
checklogs[0].status-->  ABOVE
checklogs[0].status-->  BELOW
checklogs[0].status-->  ABOVE
checklogs[0].status-->  BELOW
checklogs[0].status-->  ABOVE
checklogs[0].status-->  BELOW
checklogs[0].status-->  BELOW
checklogs[0].status-->  BELOW
checklogs[0].status-->  ABOVE
checklogs[0].status-->  BELOW
checklogs[0].status-->  BELOW
checklogs[0].status-->  BELOW
checklogs[0].status-->  BELOW
checklogs[0].status-->  BELOW
checklogs[0].status-->  ABOVE
checklogs[0].status-->  BELOW
checklogs[0].status-->  ABOVE
checklogs[0].status-->  ABOVE
checklogs[0].status-->  BELOW
checklogs[0].status-->  BELOW
checklogs[0].status-->  BELOW
auth kontrol ediliyor
auth kontrol ediliyor
checklogs[0].status-->  BELOW
checklogs[0].status-->  BELOW
checklogs[0].status-->  BELOW
checklogs[0].status-->  BELOW
checklogs[0].status-->  BELOW
checklogs[0].status-->  BELOW
checklogs[0].status-->  BELOW
checklogs[0].status-->  BELOW
checklogs[0].status-->  ABOVE
checklogs[0].status-->  BELOW
checklogs[0].status-->  ABOVE
checklogs[0].status-->  BELOW
checklogs[0].status-->  ABOVE
checklogs[0].status-->  BELOW
checklogs[0].status-->  BELOW
checklogs[0].status-->  BELOW
checklogs[0].status-->  ABOVE
checklogs[0].status-->  BELOW
checklogs[0].status-->  BELOW
checklogs[0].status-->  BELOW
checklogs[0].status-->  BELOW
checklogs[0].status-->  BELOW
checklogs[0].status-->  BELOW
checklogs[0].status-->  BELOW
checklogs[0].status-->  ABOVE
checklogs[0].status-->  BELOW
checklogs[0].status-->  ABOVE
auth kontrol ediliyor
auth kontrol ediliyor
checklogs[0].status-->  BELOW
checklogs[0].status-->  BELOW
checklogs[0].status-->  BELOW
checklogs[0].status-->  BELOW
checklogs[0].status-->  BELOW
checklogs[0].status-->  BELOW
checklogs[0].status-->  BELOW
checklogs[0].status-->  BELOW
checklogs[0].status-->  ABOVE
checklogs[0].status-->  BELOW
checklogs[0].status-->  ABOVE
checklogs[0].status-->  BELOW
checklogs[0].status-->  BELOW
checklogs[0].status-->  BELOW
checklogs[0].status-->  BELOW
checklogs[0].status-->  BELOW
checklogs[0].status-->  BELOW
checklogs[0].status-->  ABOVE
checklogs[0].status-->  BELOW
checklogs[0].status-->  BELOW
checklogs[0].status-->  BELOW
checklogs[0].status-->  BELOW
checklogs[0].status-->  ABOVE
checklogs[0].status-->  ABOVE
checklogs[0].status-->  BELOW
checklogs[0].status-->  BELOW
auth kontrol ediliyor
auth kontrol ediliyor
checklogs[0].status-->  BELOW
checklogs[0].status-->  BELOW
checklogs[0].status-->  BELOW
checklogs[0].status-->  BELOW
checklogs[0].status-->  BELOW
checklogs[0].status-->  BELOW
checklogs[0].status-->  BELOW
checklogs[0].status-->  BELOW
checklogs[0].status-->  BELOW
checklogs[0].status-->  BELOW
checklogs[0].status-->  ABOVE
checklogs[0].status-->  BELOW
checklogs[0].status-->  BELOW
checklogs[0].status-->  BELOW
checklogs[0].status-->  BELOW
checklogs[0].status-->  BELOW
checklogs[0].status-->  BELOW
checklogs[0].status-->  ABOVE
checklogs[0].status-->  BELOW
checklogs[0].status-->  BELOW
checklogs[0].status-->  BELOW
checklogs[0].status-->  ABOVE
checklogs[0].status-->  ABOVE
checklogs[0].status-->  BELOW
checklogs[0].status-->  BELOW
auth kontrol ediliyor
auth kontrol ediliyor
checklogs[0].status-->  BELOW
checklogs[0].status-->  BELOW
checklogs[0].status-->  BELOW
checklogs[0].status-->  BELOW
checklogs[0].status-->  BELOW
checklogs[0].status-->  BELOW
checklogs[0].status-->  BELOW
checklogs[0].status-->  BELOW
checklogs[0].status-->  BELOW
checklogs[0].status-->  BELOW
checklogs[0].status-->  BELOW
checklogs[0].status-->  BELOW
checklogs[0].status-->  BELOW
checklogs[0].status-->  BELOW
checklogs[0].status-->  BELOW
checklogs[0].status-->  BELOW
checklogs[0].status-->  ABOVE
checklogs[0].status-->  BELOW
checklogs[0].status-->  BELOW
checklogs[0].status-->  BELOW
checklogs[0].status-->  BELOW
checklogs[0].status-->  ABOVE
checklogs[0].status-->  ABOVE
checklogs[0].status-->  BELOW
auth kontrol ediliyor
auth kontrol ediliyor
checklogs[0].status-->  BELOW
checklogs[0].status-->  BELOW
checklogs[0].status-->  BELOW
checklogs[0].status-->  BELOW
checklogs[0].status-->  BELOW
checklogs[0].status-->  BELOW
checklogs[0].status-->  BELOW
checklogs[0].status-->  BELOW
checklogs[0].status-->  BELOW
checklogs[0].status-->  BELOW
checklogs[0].status-->  BELOW
checklogs[0].status-->  BELOW
checklogs[0].status-->  BELOW
checklogs[0].status-->  BELOW
checklogs[0].status-->  BELOW
checklogs[0].status-->  BELOW
checklogs[0].status-->  BELOW
checklogs[0].status-->  ABOVE
checklogs[0].status-->  BELOW
checklogs[0].status-->  BELOW
checklogs[0].status-->  BELOW
checklogs[0].status-->  ABOVE
checklogs[0].status-->  BELOW
auth kontrol ediliyor
auth kontrol ediliyor
checklogs[0].status-->  BELOW
checklogs[0].status-->  BELOW
checklogs[0].status-->  BELOW
checklogs[0].status-->  BELOW
checklogs[0].status-->  BELOW
checklogs[0].status-->  BELOW
checklogs[0].status-->  BELOW
checklogs[0].status-->  BELOW
checklogs[0].status-->  BELOW
checklogs[0].status-->  BELOW
checklogs[0].status-->  BELOW
checklogs[0].status-->  BELOW
checklogs[0].status-->  BELOW
checklogs[0].status-->  BELOW
checklogs[0].status-->  BELOW
checklogs[0].status-->  BELOW
checklogs[0].status-->  BELOW
checklogs[0].status-->  BELOW
checklogs[0].status-->  BELOW
checklogs[0].status-->  ABOVE
checklogs[0].status-->  BELOW
checklogs[0].status-->  BELOW
auth kontrol ediliyor
Update alert and detail request: {
  alertid: '25',
  detailid: '25',
  title: '',
  type: 'TARGET_UPPER',
  interval: '1h',
  target_value: 4.95,
  lower_value: null,
  upper_value: null
}
auth kontrol ediliyor
checklogs[0].status-->  BELOW
checklogs[0].status-->  BELOW
checklogs[0].status-->  BELOW
checklogs[0].status-->  BELOW
checklogs[0].status-->  BELOW
checklogs[0].status-->  BELOW
checklogs[0].status-->  BELOW
checklogs[0].status-->  BELOW
checklogs[0].status-->  BELOW
checklogs[0].status-->  BELOW
checklogs[0].status-->  BELOW
checklogs[0].status-->  BELOW
checklogs[0].status-->  BELOW
checklogs[0].status-->  BELOW
checklogs[0].status-->  BELOW
checklogs[0].status-->  BELOW
checklogs[0].status-->  BELOW
checklogs[0].status-->  BELOW
checklogs[0].status-->  BELOW
checklogs[0].status-->  BELOW
checklogs[0].status-->  ABOVE
checklogs[0].status-->  BELOW
auth kontrol ediliyor
checklogs[0].status-->  BELOW
checklogs[0].status-->  BELOW
checklogs[0].status-->  BELOW
checklogs[0].status-->  BELOW
checklogs[0].status-->  BELOW
checklogs[0].status-->  BELOW
checklogs[0].status-->  BELOW
checklogs[0].status-->  BELOW
checklogs[0].status-->  BELOW
checklogs[0].status-->  BELOW
checklogs[0].status-->  BELOW
checklogs[0].status-->  BELOW
checklogs[0].status-->  BELOW
checklogs[0].status-->  BELOW
checklogs[0].status-->  BELOW
checklogs[0].status-->  BELOW
checklogs[0].status-->  BELOW
checklogs[0].status-->  BELOW
checklogs[0].status-->  BELOW
checklogs[0].status-->  BELOW
checklogs[0].status-->  BELOW
