⏳ Sleeping for 20 seconds before starting...
✅ Done!
⏳ Sleeping for 20 seconds before starting...
✅ Done!
⏳ Sleeping for 20 seconds before starting...
✅ Done!
⏳ Sleeping for 20 seconds before starting...
✅ Done!
⏳ Sleeping for 20 seconds before starting...
✅ Done!
⏳ Sleeping for 20 seconds before starting...
✅ Done!
⏳ Sleeping for 20 seconds before starting...
✅ Done!
⏳ Sleeping for 20 seconds before starting...
✅ Done!
⏳ Sleeping for 20 seconds before starting...
⏳ Sleeping for 20 seconds before starting...
[
  {
    id: 2477,
    interval: '15m',
    check_date: 2025-04-11T19:45:02.000Z,
    product_id: 2,
    open_time: 1744399800000,
    open: '1568.250000000000000000',
    high: '1568.250000000000000000',
    low: '1565.200000000000000000',
    close: '1566.440000000000000000',
    volume: '2526.444900000000000000',
    close_time: 1744400699999,
    created_at: 2025-04-11T16:45:02.000Z
  }
]
[]
[
  {
    id: 2477,
    interval: '15m',
    check_date: 2025-04-11T19:45:02.000Z,
    product_id: 2,
    open_time: 1744399800000,
    open: '1568.250000000000000000',
    high: '1568.250000000000000000',
    low: '1565.200000000000000000',
    close: '1566.440000000000000000',
    volume: '2526.444900000000000000',
    close_time: 1744400699999,
    created_at: 2025-04-11T16:45:02.000Z
  }
]
[
  {
    id: 2467,
    interval: '15m',
    check_date: 2025-04-11T19:45:02.000Z,
    product_id: 1,
    open_time: 1744399800000,
    open: '83764.820000000000000000',
    high: '83873.700000000000000000',
    low: '83657.060000000000000000',
    close: '83863.990000000000000000',
    volume: '195.720050000000000000',
    close_time: 1744400699999,
    created_at: 2025-04-11T16:45:02.000Z
  }
]
[
  {
    id: 2477,
    interval: '15m',
    check_date: 2025-04-11T19:45:02.000Z,
    product_id: 2,
    open_time: 1744399800000,
    open: '1568.250000000000000000',
    high: '1568.250000000000000000',
    low: '1565.200000000000000000',
    close: '1566.440000000000000000',
    volume: '2526.444900000000000000',
    close_time: 1744400699999,
    created_at: 2025-04-11T16:45:02.000Z
  }
]
3 15m
3 15m
[
  {
    id: 2472,
    interval: '15m',
    check_date: 2025-04-11T19:45:02.000Z,
    product_id: 3,
    open_time: 1744399800000,
    open: '0.007553000000000000',
    high: '0.007568000000000000',
    low: '0.007532000000000000',
    close: '0.007568000000000000',
    volume: '4064981.100000000000000000',
    close_time: 1744400699999,
    created_at: 2025-04-11T16:45:02.000Z
  }
]
[
  {
    id: 2472,
    interval: '15m',
    check_date: 2025-04-11T19:45:02.000Z,
    product_id: 3,
    open_time: 1744399800000,
    open: '0.007553000000000000',
    high: '0.007568000000000000',
    low: '0.007532000000000000',
    close: '0.007568000000000000',
    volume: '4064981.100000000000000000',
    close_time: 1744400699999,
    created_at: 2025-04-11T16:45:02.000Z
  }
]
2 15m
2 15m
[
  {
    id: 2477,
    interval: '15m',
    check_date: 2025-04-11T19:45:02.000Z,
    product_id: 2,
    open_time: 1744399800000,
    open: '1568.250000000000000000',
    high: '1568.250000000000000000',
    low: '1565.200000000000000000',
    close: '1566.440000000000000000',
    volume: '2526.444900000000000000',
    close_time: 1744400699999,
    created_at: 2025-04-11T16:45:02.000Z
  }
]
✅ Done!
[
  {
    id: 2477,
    interval: '15m',
    check_date: 2025-04-11T19:45:02.000Z,
    product_id: 2,
    open_time: 1744399800000,
    open: '1568.250000000000000000',
    high: '1568.250000000000000000',
    low: '1565.200000000000000000',
    close: '1566.440000000000000000',
    volume: '2526.444900000000000000',
    close_time: 1744400699999,
    created_at: 2025-04-11T16:45:02.000Z
  }
]
[
  {
    id: 2558,
    interval: '15m',
    check_date: 2025-04-11T22:00:02.000Z,
    product_id: 2,
    open_time: 1744407900000,
    open: '1572.240000000000000000',
    high: '1575.780000000000000000',
    low: '1568.910000000000000000',
    close: '1573.060000000000000000',
    volume: '2214.709200000000000000',
    close_time: 1744408799999,
    created_at: 2025-04-11T19:00:02.000Z
  }
]
3 15m
3 15m
[
  {
    id: 2562,
    interval: '15m',
    check_date: 2025-04-11T22:00:02.000Z,
    product_id: 3,
    open_time: 1744407900000,
    open: '0.007665000000000000',
    high: '0.007672000000000000',
    low: '0.007642000000000000',
    close: '0.007643000000000000',
    volume: '8292555.700000000000000000',
    close_time: 1744408799999,
    created_at: 2025-04-11T19:00:02.000Z
  }
]
[
  {
    id: 2562,
    interval: '15m',
    check_date: 2025-04-11T22:00:02.000Z,
    product_id: 3,
    open_time: 1744407900000,
    open: '0.007665000000000000',
    high: '0.007672000000000000',
    low: '0.007642000000000000',
    close: '0.007643000000000000',
    volume: '8292555.700000000000000000',
    close_time: 1744408799999,
    created_at: 2025-04-11T19:00:02.000Z
  }
]
2 15m
2 15m
[
  {
    id: 2558,
    interval: '15m',
    check_date: 2025-04-11T22:00:02.000Z,
    product_id: 2,
    open_time: 1744407900000,
    open: '1572.240000000000000000',
    high: '1575.780000000000000000',
    low: '1568.910000000000000000',
    close: '1573.060000000000000000',
    volume: '2214.709200000000000000',
    close_time: 1744408799999,
    created_at: 2025-04-11T19:00:02.000Z
  }
]
[
  {
    id: 2558,
    interval: '15m',
    check_date: 2025-04-11T22:00:02.000Z,
    product_id: 2,
    open_time: 1744407900000,
    open: '1572.240000000000000000',
    high: '1575.780000000000000000',
    low: '1568.910000000000000000',
    close: '1573.060000000000000000',
    volume: '2214.709200000000000000',
    close_time: 1744408799999,
    created_at: 2025-04-11T19:00:02.000Z
  }
]
✅ Done!
[
  {
    id: 2643,
    interval: '15m',
    check_date: 2025-04-12T12:30:03.000Z,
    product_id: 2,
    open_time: 1744460100000,
    open: '1596.820000000000000000',
    high: '1599.200000000000000000',
    low: '1594.990000000000000000',
    close: '1597.500000000000000000',
    volume: '2135.638500000000000000',
    close_time: 1744460999999,
    created_at: 2025-04-12T09:30:03.000Z
  }
]
3 15m
3 15m
[
  {
    id: 2642,
    interval: '15m',
    check_date: 2025-04-12T12:30:03.000Z,
    product_id: 3,
    open_time: 1744460100000,
    open: '0.007565000000000000',
    high: '0.007599000000000000',
    low: '0.007565000000000000',
    close: '0.007573000000000000',
    volume: '1993135.300000000000000000',
    close_time: 1744460999999,
    created_at: 2025-04-12T09:30:03.000Z
  }
]
[
  {
    id: 2642,
    interval: '15m',
    check_date: 2025-04-12T12:30:03.000Z,
    product_id: 3,
    open_time: 1744460100000,
    open: '0.007565000000000000',
    high: '0.007599000000000000',
    low: '0.007565000000000000',
    close: '0.007573000000000000',
    volume: '1993135.300000000000000000',
    close_time: 1744460999999,
    created_at: 2025-04-12T09:30:03.000Z
  }
]
2 15m
2 15m
[
  {
    id: 2643,
    interval: '15m',
    check_date: 2025-04-12T12:30:03.000Z,
    product_id: 2,
    open_time: 1744460100000,
    open: '1596.820000000000000000',
    high: '1599.200000000000000000',
    low: '1594.990000000000000000',
    close: '1597.500000000000000000',
    volume: '2135.638500000000000000',
    close_time: 1744460999999,
    created_at: 2025-04-12T09:30:03.000Z
  }
]
[
  {
    id: 2643,
    interval: '15m',
    check_date: 2025-04-12T12:30:03.000Z,
    product_id: 2,
    open_time: 1744460100000,
    open: '1596.820000000000000000',
    high: '1599.200000000000000000',
    low: '1594.990000000000000000',
    close: '1597.500000000000000000',
    volume: '2135.638500000000000000',
    close_time: 1744460999999,
    created_at: 2025-04-12T09:30:03.000Z
  }
]
✅ Done!
[
  {
    id: 2717,
    interval: '15m',
    check_date: 2025-04-12T12:45:02.000Z,
    product_id: 2,
    open_time: 1744461000000,
    open: '1597.510000000000000000',
    high: '1616.900000000000000000',
    low: '1593.710000000000000000',
    close: '1603.390000000000000000',
    volume: '17969.784200000000000000',
    close_time: 1744461899999,
    created_at: 2025-04-12T09:45:02.000Z
  }
]
3 15m
3 15m
[
  {
    id: 2718,
    interval: '15m',
    check_date: 2025-04-12T12:45:02.000Z,
    product_id: 3,
    open_time: 1744461000000,
    open: '0.007571000000000000',
    high: '0.007574000000000000',
    low: '0.007519000000000000',
    close: '0.007572000000000000',
    volume: '17183629.100000000000000000',
    close_time: 1744461899999,
    created_at: 2025-04-12T09:45:02.000Z
  }
]
[
  {
    id: 2718,
    interval: '15m',
    check_date: 2025-04-12T12:45:02.000Z,
    product_id: 3,
    open_time: 1744461000000,
    open: '0.007571000000000000',
    high: '0.007574000000000000',
    low: '0.007519000000000000',
    close: '0.007572000000000000',
    volume: '17183629.100000000000000000',
    close_time: 1744461899999,
    created_at: 2025-04-12T09:45:02.000Z
  }
]
2 15m
2 15m
[
  {
    id: 2717,
    interval: '15m',
    check_date: 2025-04-12T12:45:02.000Z,
    product_id: 2,
    open_time: 1744461000000,
    open: '1597.510000000000000000',
    high: '1616.900000000000000000',
    low: '1593.710000000000000000',
    close: '1603.390000000000000000',
    volume: '17969.784200000000000000',
    close_time: 1744461899999,
    created_at: 2025-04-12T09:45:02.000Z
  }
]
✅ Done!
[
  {
    id: 2717,
    interval: '15m',
    check_date: 2025-04-12T12:45:02.000Z,
    product_id: 2,
    open_time: 1744461000000,
    open: '1597.510000000000000000',
    high: '1616.900000000000000000',
    low: '1593.710000000000000000',
    close: '1603.390000000000000000',
    volume: '17969.784200000000000000',
    close_time: 1744461899999,
    created_at: 2025-04-12T09:45:02.000Z
  }
]
[
  {
    id: 2800,
    interval: '15m',
    check_date: 2025-04-12T14:00:02.000Z,
    product_id: 2,
    open_time: 1744464600000,
    open: '1620.740000000000000000',
    high: '1632.020000000000000000',
    low: '1612.960000000000000000',
    close: '1624.720000000000000000',
    volume: '12222.960100000000000000',
    close_time: 1744465499999,
    created_at: 2025-04-12T11:00:02.000Z
  }
]
3 15m
3 15m
[
  {
    id: 2802,
    interval: '15m',
    check_date: 2025-04-12T14:00:02.000Z,
    product_id: 3,
    open_time: 1744465500000,
    open: '0.007735000000000000',
    high: '0.007886000000000000',
    low: '0.007735000000000000',
    close: '0.007841000000000000',
    volume: '32518874.200000000000000000',
    close_time: 1744466399999,
    created_at: 2025-04-12T11:00:02.000Z
  }
]
[
  {
    id: 2802,
    interval: '15m',
    check_date: 2025-04-12T14:00:02.000Z,
    product_id: 3,
    open_time: 1744465500000,
    open: '0.007735000000000000',
    high: '0.007886000000000000',
    low: '0.007735000000000000',
    close: '0.007841000000000000',
    volume: '32518874.200000000000000000',
    close_time: 1744466399999,
    created_at: 2025-04-12T11:00:02.000Z
  }
]
2 15m
2 15m
[
  {
    id: 2800,
    interval: '15m',
    check_date: 2025-04-12T14:00:02.000Z,
    product_id: 2,
    open_time: 1744464600000,
    open: '1620.740000000000000000',
    high: '1632.020000000000000000',
    low: '1612.960000000000000000',
    close: '1624.720000000000000000',
    volume: '12222.960100000000000000',
    close_time: 1744465499999,
    created_at: 2025-04-12T11:00:02.000Z
  }
]
[
  {
    id: 2800,
    interval: '15m',
    check_date: 2025-04-12T14:00:02.000Z,
    product_id: 2,
    open_time: 1744464600000,
    open: '1620.740000000000000000',
    high: '1632.020000000000000000',
    low: '1612.960000000000000000',
    close: '1624.720000000000000000',
    volume: '12222.960100000000000000',
    close_time: 1744465499999,
    created_at: 2025-04-12T11:00:02.000Z
  }
]
✅ Done!
[
  {
    id: 2889,
    interval: '15m',
    check_date: 2025-04-12T14:15:03.000Z,
    product_id: 2,
    open_time: 1744466400000,
    open: '1638.750000000000000000',
    high: '1653.000000000000000000',
    low: '1635.480000000000000000',
    close: '1646.100000000000000000',
    volume: '16056.095700000000000000',
    close_time: 1744467299999,
    created_at: 2025-04-12T11:15:04.000Z
  }
]
3 15m
3 15m
[
  {
    id: 2881,
    interval: '15m',
    check_date: 2025-04-12T14:15:03.000Z,
    product_id: 3,
    open_time: 1744466400000,
    open: '0.007840000000000000',
    high: '0.007951000000000000',
    low: '0.007806000000000000',
    close: '0.007943000000000000',
    volume: '24682526.800000000000000000',
    close_time: 1744467299999,
    created_at: 2025-04-12T11:15:04.000Z
  }
]
[
  {
    id: 2881,
    interval: '15m',
    check_date: 2025-04-12T14:15:03.000Z,
    product_id: 3,
    open_time: 1744466400000,
    open: '0.007840000000000000',
    high: '0.007951000000000000',
    low: '0.007806000000000000',
    close: '0.007943000000000000',
    volume: '24682526.800000000000000000',
    close_time: 1744467299999,
    created_at: 2025-04-12T11:15:04.000Z
  }
]
2 15m
2 15m
[
  {
    id: 2889,
    interval: '15m',
    check_date: 2025-04-12T14:15:03.000Z,
    product_id: 2,
    open_time: 1744466400000,
    open: '1638.750000000000000000',
    high: '1653.000000000000000000',
    low: '1635.480000000000000000',
    close: '1646.100000000000000000',
    volume: '16056.095700000000000000',
    close_time: 1744467299999,
    created_at: 2025-04-12T11:15:04.000Z
  }
]
[
  {
    id: 2889,
    interval: '15m',
    check_date: 2025-04-12T14:15:03.000Z,
    product_id: 2,
    open_time: 1744466400000,
    open: '1638.750000000000000000',
    high: '1653.000000000000000000',
    low: '1635.480000000000000000',
    close: '1646.100000000000000000',
    volume: '16056.095700000000000000',
    close_time: 1744467299999,
    created_at: 2025-04-12T11:15:04.000Z
  }
]
✅ Done!
[
  {
    id: 2965,
    interval: '15m',
    check_date: 2025-04-12T14:30:03.000Z,
    product_id: 2,
    open_time: 1744467300000,
    open: '1646.100000000000000000',
    high: '1669.590000000000000000',
    low: '1642.900000000000000000',
    close: '1657.000000000000000000',
    volume: '33320.044300000000000000',
    close_time: 1744468199999,
    created_at: 2025-04-12T11:30:04.000Z
  }
]
3 15m
3 15m
[
  {
    id: 2964,
    interval: '15m',
    check_date: 2025-04-12T14:30:03.000Z,
    product_id: 3,
    open_time: 1744467300000,
    open: '0.007941000000000000',
    high: '0.008044000000000000',
    low: '0.007920000000000000',
    close: '0.008000000000000000',
    volume: '42780820.200000000000000000',
    close_time: 1744468199999,
    created_at: 2025-04-12T11:30:04.000Z
  }
]
[
  {
    id: 2964,
    interval: '15m',
    check_date: 2025-04-12T14:30:03.000Z,
    product_id: 3,
    open_time: 1744467300000,
    open: '0.007941000000000000',
    high: '0.008044000000000000',
    low: '0.007920000000000000',
    close: '0.008000000000000000',
    volume: '42780820.200000000000000000',
    close_time: 1744468199999,
    created_at: 2025-04-12T11:30:04.000Z
  }
]
2 15m
2 15m
[
  {
    id: 2965,
    interval: '15m',
    check_date: 2025-04-12T14:30:03.000Z,
    product_id: 2,
    open_time: 1744467300000,
    open: '1646.100000000000000000',
    high: '1669.590000000000000000',
    low: '1642.900000000000000000',
    close: '1657.000000000000000000',
    volume: '33320.044300000000000000',
    close_time: 1744468199999,
    created_at: 2025-04-12T11:30:04.000Z
  }
]
✅ Done!
[
  {
    id: 2965,
    interval: '15m',
    check_date: 2025-04-12T14:30:03.000Z,
    product_id: 2,
    open_time: 1744467300000,
    open: '1646.100000000000000000',
    high: '1669.590000000000000000',
    low: '1642.900000000000000000',
    close: '1657.000000000000000000',
    volume: '33320.044300000000000000',
    close_time: 1744468199999,
    created_at: 2025-04-12T11:30:04.000Z
  }
]
[
  {
    id: 3043,
    interval: '15m',
    check_date: 2025-04-12T16:02:40.000Z,
    product_id: 2,
    open_time: 1744472700000,
    open: '1660.570000000000000000',
    high: '1662.090000000000000000',
    low: '1654.560000000000000000',
    close: '1655.870000000000000000',
    volume: '6258.961800000000000000',
    close_time: 1744473599999,
    created_at: 2025-04-12T13:02:40.000Z
  }
]
3 15m
3 15m
[
  {
    id: 3046,
    interval: '15m',
    check_date: 2025-04-12T16:02:40.000Z,
    product_id: 3,
    open_time: 1744472700000,
    open: '0.007941000000000000',
    high: '0.007951000000000000',
    low: '0.007830000000000000',
    close: '0.007836000000000000',
    volume: '10015934.000000000000000000',
    close_time: 1744473599999,
    created_at: 2025-04-12T13:02:40.000Z
  }
]
[
  {
    id: 3046,
    interval: '15m',
    check_date: 2025-04-12T16:02:40.000Z,
    product_id: 3,
    open_time: 1744472700000,
    open: '0.007941000000000000',
    high: '0.007951000000000000',
    low: '0.007830000000000000',
    close: '0.007836000000000000',
    volume: '10015934.000000000000000000',
    close_time: 1744473599999,
    created_at: 2025-04-12T13:02:40.000Z
  }
]
2 15m
2 15m
[
  {
    id: 3043,
    interval: '15m',
    check_date: 2025-04-12T16:02:40.000Z,
    product_id: 2,
    open_time: 1744472700000,
    open: '1660.570000000000000000',
    high: '1662.090000000000000000',
    low: '1654.560000000000000000',
    close: '1655.870000000000000000',
    volume: '6258.961800000000000000',
    close_time: 1744473599999,
    created_at: 2025-04-12T13:02:40.000Z
  }
]
✅ Done!
[
  {
    id: 3043,
    interval: '15m',
    check_date: 2025-04-12T16:02:40.000Z,
    product_id: 2,
    open_time: 1744472700000,
    open: '1660.570000000000000000',
    high: '1662.090000000000000000',
    low: '1654.560000000000000000',
    close: '1655.870000000000000000',
    volume: '6258.961800000000000000',
    close_time: 1744473599999,
    created_at: 2025-04-12T13:02:40.000Z
  }
]
[
  {
    id: 3134,
    interval: '15m',
    check_date: 2025-04-12T16:15:02.000Z,
    product_id: 2,
    open_time: 1744473600000,
    open: '1655.880000000000000000',
    high: '1662.330000000000000000',
    low: '1650.600000000000000000',
    close: '1654.020000000000000000',
    volume: '7713.917600000000000000',
    close_time: 1744474499999,
    created_at: 2025-04-12T13:15:02.000Z
  }
]
3 15m
3 15m
[
  {
    id: 3127,
    interval: '15m',
    check_date: 2025-04-12T16:15:02.000Z,
    product_id: 3,
    open_time: 1744473600000,
    open: '0.007835000000000000',
    high: '0.007878000000000000',
    low: '0.007786000000000000',
    close: '0.007815000000000000',
    volume: '15392533.600000000000000000',
    close_time: 1744474499999,
    created_at: 2025-04-12T13:15:02.000Z
  }
]
[
  {
    id: 3127,
    interval: '15m',
    check_date: 2025-04-12T16:15:02.000Z,
    product_id: 3,
    open_time: 1744473600000,
    open: '0.007835000000000000',
    high: '0.007878000000000000',
    low: '0.007786000000000000',
    close: '0.007815000000000000',
    volume: '15392533.600000000000000000',
    close_time: 1744474499999,
    created_at: 2025-04-12T13:15:02.000Z
  }
]
2 15m
2 15m
[
  {
    id: 3134,
    interval: '15m',
    check_date: 2025-04-12T16:15:02.000Z,
    product_id: 2,
    open_time: 1744473600000,
    open: '1655.880000000000000000',
    high: '1662.330000000000000000',
    low: '1650.600000000000000000',
    close: '1654.020000000000000000',
    volume: '7713.917600000000000000',
    close_time: 1744474499999,
    created_at: 2025-04-12T13:15:02.000Z
  }
]
✅ Done!
[
  {
    id: 3134,
    interval: '15m',
    check_date: 2025-04-12T16:15:02.000Z,
    product_id: 2,
    open_time: 1744473600000,
    open: '1655.880000000000000000',
    high: '1662.330000000000000000',
    low: '1650.600000000000000000',
    close: '1654.020000000000000000',
    volume: '7713.917600000000000000',
    close_time: 1744474499999,
    created_at: 2025-04-12T13:15:02.000Z
  }
]
[
  {
    id: 3212,
    interval: '15m',
    check_date: 2025-04-12T16:30:02.000Z,
    product_id: 2,
    open_time: 1744474500000,
    open: '1654.010000000000000000',
    high: '1660.480000000000000000',
    low: '1652.190000000000000000',
    close: '1657.700000000000000000',
    volume: '5747.091600000000000000',
    close_time: 1744475399999,
    created_at: 2025-04-12T13:30:02.000Z
  }
]
3 15m
3 15m
[
  {
    id: 3214,
    interval: '15m',
    check_date: 2025-04-12T16:30:02.000Z,
    product_id: 3,
    open_time: 1744474500000,
    open: '0.007815000000000000',
    high: '0.007865000000000000',
    low: '0.007801000000000000',
    close: '0.007842000000000000',
    volume: '9329905.800000000000000000',
    close_time: 1744475399999,
    created_at: 2025-04-12T13:30:02.000Z
  }
]
[
  {
    id: 3214,
    interval: '15m',
    check_date: 2025-04-12T16:30:02.000Z,
    product_id: 3,
    open_time: 1744474500000,
    open: '0.007815000000000000',
    high: '0.007865000000000000',
    low: '0.007801000000000000',
    close: '0.007842000000000000',
    volume: '9329905.800000000000000000',
    close_time: 1744475399999,
    created_at: 2025-04-12T13:30:02.000Z
  }
]
2 15m
2 15m
[
  {
    id: 3212,
    interval: '15m',
    check_date: 2025-04-12T16:30:02.000Z,
    product_id: 2,
    open_time: 1744474500000,
    open: '1654.010000000000000000',
    high: '1660.480000000000000000',
    low: '1652.190000000000000000',
    close: '1657.700000000000000000',
    volume: '5747.091600000000000000',
    close_time: 1744475399999,
    created_at: 2025-04-12T13:30:02.000Z
  }
]
✅ Done!
[
  {
    id: 3212,
    interval: '15m',
    check_date: 2025-04-12T16:30:02.000Z,
    product_id: 2,
    open_time: 1744474500000,
    open: '1654.010000000000000000',
    high: '1660.480000000000000000',
    low: '1652.190000000000000000',
    close: '1657.700000000000000000',
    volume: '5747.091600000000000000',
    close_time: 1744475399999,
    created_at: 2025-04-12T13:30:02.000Z
  }
]
[
  {
    id: 3294,
    interval: '15m',
    check_date: 2025-04-12T16:45:02.000Z,
    product_id: 2,
    open_time: 1744475400000,
    open: '1657.700000000000000000',
    high: '1658.690000000000000000',
    low: '1645.680000000000000000',
    close: '1646.200000000000000000',
    volume: '4800.269800000000000000',
    close_time: 1744476299999,
    created_at: 2025-04-12T13:45:02.000Z
  }
]
3 15m
3 15m
[
  {
    id: 3296,
    interval: '15m',
    check_date: 2025-04-12T16:45:02.000Z,
    product_id: 3,
    open_time: 1744475400000,
    open: '0.007843000000000000',
    high: '0.007851000000000000',
    low: '0.007752000000000000',
    close: '0.007752000000000000',
    volume: '8086962.400000000000000000',
    close_time: 1744476299999,
    created_at: 2025-04-12T13:45:02.000Z
  }
]
[
  {
    id: 3296,
    interval: '15m',
    check_date: 2025-04-12T16:45:02.000Z,
    product_id: 3,
    open_time: 1744475400000,
    open: '0.007843000000000000',
    high: '0.007851000000000000',
    low: '0.007752000000000000',
    close: '0.007752000000000000',
    volume: '8086962.400000000000000000',
    close_time: 1744476299999,
    created_at: 2025-04-12T13:45:02.000Z
  }
]
2 15m
2 15m
[
  {
    id: 3294,
    interval: '15m',
    check_date: 2025-04-12T16:45:02.000Z,
    product_id: 2,
    open_time: 1744475400000,
    open: '1657.700000000000000000',
    high: '1658.690000000000000000',
    low: '1645.680000000000000000',
    close: '1646.200000000000000000',
    volume: '4800.269800000000000000',
    close_time: 1744476299999,
    created_at: 2025-04-12T13:45:02.000Z
  }
]
✅ Done!
[
  {
    id: 3294,
    interval: '15m',
    check_date: 2025-04-12T16:45:02.000Z,
    product_id: 2,
    open_time: 1744475400000,
    open: '1657.700000000000000000',
    high: '1658.690000000000000000',
    low: '1645.680000000000000000',
    close: '1646.200000000000000000',
    volume: '4800.269800000000000000',
    close_time: 1744476299999,
    created_at: 2025-04-12T13:45:02.000Z
  }
]
[
  {
    id: 3377,
    interval: '15m',
    check_date: 2025-04-12T17:45:01.000Z,
    product_id: 2,
    open_time: 1744479000000,
    open: '1637.440000000000000000',
    high: '1641.910000000000000000',
    low: '1637.000000000000000000',
    close: '1638.170000000000000000',
    volume: '5456.540700000000000000',
    close_time: 1744479899999,
    created_at: 2025-04-12T14:45:01.000Z
  }
]
3 15m
3 15m
[
  {
    id: 3376,
    interval: '15m',
    check_date: 2025-04-12T17:45:01.000Z,
    product_id: 3,
    open_time: 1744479000000,
    open: '0.007695000000000000',
    high: '0.007751000000000000',
    low: '0.007692000000000000',
    close: '0.007751000000000000',
    volume: '11499379.300000000000000000',
    close_time: 1744479899999,
    created_at: 2025-04-12T14:45:01.000Z
  }
]
[
  {
    id: 3376,
    interval: '15m',
    check_date: 2025-04-12T17:45:01.000Z,
    product_id: 3,
    open_time: 1744479000000,
    open: '0.007695000000000000',
    high: '0.007751000000000000',
    low: '0.007692000000000000',
    close: '0.007751000000000000',
    volume: '11499379.300000000000000000',
    close_time: 1744479899999,
    created_at: 2025-04-12T14:45:01.000Z
  }
]
2 15m
2 15m
[
  {
    id: 3377,
    interval: '15m',
    check_date: 2025-04-12T17:45:01.000Z,
    product_id: 2,
    open_time: 1744479000000,
    open: '1637.440000000000000000',
    high: '1641.910000000000000000',
    low: '1637.000000000000000000',
    close: '1638.170000000000000000',
    volume: '5456.540700000000000000',
    close_time: 1744479899999,
    created_at: 2025-04-12T14:45:01.000Z
  }
]
[
  {
    id: 3377,
    interval: '15m',
    check_date: 2025-04-12T17:45:01.000Z,
    product_id: 2,
    open_time: 1744479000000,
    open: '1637.440000000000000000',
    high: '1641.910000000000000000',
    low: '1637.000000000000000000',
    close: '1638.170000000000000000',
    volume: '5456.540700000000000000',
    close_time: 1744479899999,
    created_at: 2025-04-12T14:45:01.000Z
  }
]
✅ Done!
[
  {
    id: 3457,
    interval: '15m',
    check_date: 2025-04-12T18:00:02.000Z,
    product_id: 2,
    open_time: 1744479900000,
    open: '1638.160000000000000000',
    high: '1638.560000000000000000',
    low: '1632.120000000000000000',
    close: '1633.820000000000000000',
    volume: '5245.701100000000000000',
    close_time: 1744480799999,
    created_at: 2025-04-12T15:00:02.000Z
  }
]
3 15m
3 15m
[
  {
    id: 3505,
    interval: '15m',
    check_date: 2025-04-12T18:00:02.000Z,
    product_id: 3,
    open_time: 1744479900000,
    open: '0.007751000000000000',
    high: '0.007751000000000000',
    low: '0.007673000000000000',
    close: '0.007678000000000000',
    volume: '3548218.700000000000000000',
    close_time: 1744480799999,
    created_at: 2025-04-12T15:00:02.000Z
  }
]
[
  {
    id: 3505,
    interval: '15m',
    check_date: 2025-04-12T18:00:02.000Z,
    product_id: 3,
    open_time: 1744479900000,
    open: '0.007751000000000000',
    high: '0.007751000000000000',
    low: '0.007673000000000000',
    close: '0.007678000000000000',
    volume: '3548218.700000000000000000',
    close_time: 1744480799999,
    created_at: 2025-04-12T15:00:02.000Z
  }
]
2 15m
2 15m
[
  {
    id: 3457,
    interval: '15m',
    check_date: 2025-04-12T18:00:02.000Z,
    product_id: 2,
    open_time: 1744479900000,
    open: '1638.160000000000000000',
    high: '1638.560000000000000000',
    low: '1632.120000000000000000',
    close: '1633.820000000000000000',
    volume: '5245.701100000000000000',
    close_time: 1744480799999,
    created_at: 2025-04-12T15:00:02.000Z
  }
]
[
  {
    id: 3457,
    interval: '15m',
    check_date: 2025-04-12T18:00:02.000Z,
    product_id: 2,
    open_time: 1744479900000,
    open: '1638.160000000000000000',
    high: '1638.560000000000000000',
    low: '1632.120000000000000000',
    close: '1633.820000000000000000',
    volume: '5245.701100000000000000',
    close_time: 1744480799999,
    created_at: 2025-04-12T15:00:02.000Z
  }
]
✅ Done!
[
  {
    id: 3542,
    interval: '15m',
    check_date: 2025-04-12T18:15:02.000Z,
    product_id: 2,
    open_time: 1744480800000,
    open: '1633.820000000000000000',
    high: '1641.280000000000000000',
    low: '1633.340000000000000000',
    close: '1640.580000000000000000',
    volume: '3894.552900000000000000',
    close_time: 1744481699999,
    created_at: 2025-04-12T15:15:02.000Z
  }
]
3 15m
3 15m
[
  {
    id: 3538,
    interval: '15m',
    check_date: 2025-04-12T18:15:02.000Z,
    product_id: 3,
    open_time: 1744480800000,
    open: '0.007680000000000000',
    high: '0.007721000000000000',
    low: '0.007674000000000000',
    close: '0.007713000000000000',
    volume: '2611217.200000000000000000',
    close_time: 1744481699999,
    created_at: 2025-04-12T15:15:02.000Z
  }
]
[
  {
    id: 3538,
    interval: '15m',
    check_date: 2025-04-12T18:15:02.000Z,
    product_id: 3,
    open_time: 1744480800000,
    open: '0.007680000000000000',
    high: '0.007721000000000000',
    low: '0.007674000000000000',
    close: '0.007713000000000000',
    volume: '2611217.200000000000000000',
    close_time: 1744481699999,
    created_at: 2025-04-12T15:15:02.000Z
  }
]
2 15m
2 15m
[
  {
    id: 3542,
    interval: '15m',
    check_date: 2025-04-12T18:15:02.000Z,
    product_id: 2,
    open_time: 1744480800000,
    open: '1633.820000000000000000',
    high: '1641.280000000000000000',
    low: '1633.340000000000000000',
    close: '1640.580000000000000000',
    volume: '3894.552900000000000000',
    close_time: 1744481699999,
    created_at: 2025-04-12T15:15:02.000Z
  }
]
✅ Done!
[
  {
    id: 3542,
    interval: '15m',
    check_date: 2025-04-12T18:15:02.000Z,
    product_id: 2,
    open_time: 1744480800000,
    open: '1633.820000000000000000',
    high: '1641.280000000000000000',
    low: '1633.340000000000000000',
    close: '1640.580000000000000000',
    volume: '3894.552900000000000000',
    close_time: 1744481699999,
    created_at: 2025-04-12T15:15:02.000Z
  }
]
[
  {
    id: 3705,
    interval: '15m',
    check_date: 2025-04-13T10:58:17.000Z,
    product_id: 2,
    open_time: 1744540200000,
    open: '1613.880000000000000000',
    high: '1617.290000000000000000',
    low: '1612.060000000000000000',
    close: '1615.430000000000000000',
    volume: '6797.322000000000000000',
    close_time: 1744541099999,
    created_at: 2025-04-13T07:58:18.000Z
  }
]
3 15m
3 15m
[
  {
    id: 3702,
    interval: '15m',
    check_date: 2025-04-13T10:58:17.000Z,
    product_id: 3,
    open_time: 1744540200000,
    open: '0.007760000000000000',
    high: '0.007789000000000000',
    low: '0.007737000000000000',
    close: '0.007757000000000000',
    volume: '4750542.400000000000000000',
    close_time: 1744541099999,
    created_at: 2025-04-13T07:58:18.000Z
  }
]
[
  {
    id: 3702,
    interval: '15m',
    check_date: 2025-04-13T10:58:17.000Z,
    product_id: 3,
    open_time: 1744540200000,
    open: '0.007760000000000000',
    high: '0.007789000000000000',
    low: '0.007737000000000000',
    close: '0.007757000000000000',
    volume: '4750542.400000000000000000',
    close_time: 1744541099999,
    created_at: 2025-04-13T07:58:18.000Z
  }
]
2 15m
2 15m
[
  {
    id: 3705,
    interval: '15m',
    check_date: 2025-04-13T10:58:17.000Z,
    product_id: 2,
    open_time: 1744540200000,
    open: '1613.880000000000000000',
    high: '1617.290000000000000000',
    low: '1612.060000000000000000',
    close: '1615.430000000000000000',
    volume: '6797.322000000000000000',
    close_time: 1744541099999,
    created_at: 2025-04-13T07:58:18.000Z
  }
]
[
  {
    id: 3705,
    interval: '15m',
    check_date: 2025-04-13T10:58:17.000Z,
    product_id: 2,
    open_time: 1744540200000,
    open: '1613.880000000000000000',
    high: '1617.290000000000000000',
    low: '1612.060000000000000000',
    close: '1615.430000000000000000',
    volume: '6797.322000000000000000',
    close_time: 1744541099999,
    created_at: 2025-04-13T07:58:18.000Z
  }
]
✅ Done!
{
  alert: {
    alertid: 48,
    userid: 1,
    productid: 3,
    title: 'Üstüne çıkınca satınal',
    type: 'price',
    created_at: 2025-04-10T10:21:02.000Z,
    updated_at: 2025-04-10T10:21:02.000Z,
    validated_until: 2025-04-26T21:00:00.000Z,
    status: 'active',
    lastcheck: null
  },
  detailResults: {
    id: 39,
    alertid: 48,
    waitforcandleclose: 1,
    interval: '15m',
    type: 'TARGET_UPPER',
    target_value: '0.00776400',
    lower_value: null,
    upper_value: null,
    created_at: 2025-04-10T10:21:02.000Z,
    updated_at: 2025-04-11T18:55:50.000Z,
    last_check: null
  },
  candleResult: {
    id: 4110,
    interval: '15m',
    check_date: 2025-04-15T11:00:02.000Z,
    product_id: 3,
    open_time: 1744713900000,
    open: '0.007325000000000000',
    high: '0.007381000000000000',
    low: '0.007309000000000000',
    close: '0.007375000000000000',
    volume: '4567691.000000000000000000',
    close_time: 1744714799999,
    created_at: 2025-04-15T08:00:04.000Z
  }
}
missing alert!
{
  alert: {
    alertid: 51,
    userid: 1,
    productid: 2,
    title: 'Kanal dışına çıkıncı işleme gir',
    type: 'price',
    created_at: 2025-04-10T10:27:02.000Z,
    updated_at: 2025-04-10T10:27:02.000Z,
    validated_until: 2025-06-28T21:00:00.000Z,
    status: 'active',
    lastcheck: null
  },
  detailResults: {
    id: 42,
    alertid: 51,
    waitforcandleclose: 1,
    interval: '15m',
    type: 'TARGET_CANAL_OUTSIDE',
    target_value: null,
    lower_value: '1501.00000000',
    upper_value: '1641.00000000',
    created_at: 2025-04-10T10:27:02.000Z,
    updated_at: 2025-04-10T10:27:02.000Z,
    last_check: null
  },
  candleResult: {
    id: 4113,
    interval: '15m',
    check_date: 2025-04-15T11:00:02.000Z,
    product_id: 2,
    open_time: 1744713900000,
    open: '1629.300000000000000000',
    high: '1633.110000000000000000',
    low: '1626.520000000000000000',
    close: '1633.110000000000000000',
    volume: '3450.341800000000000000',
    close_time: 1744714799999,
    created_at: 2025-04-15T08:00:04.000Z
  }
}
missing alert!
{
  alert: {
    alertid: 56,
    userid: 1,
    productid: 197,
    title: 'İşlemde - Altına inerse sat',
    type: 'price',
    created_at: 2025-04-15T07:34:51.000Z,
    updated_at: 2025-04-15T07:34:51.000Z,
    validated_until: 2025-04-24T21:00:00.000Z,
    status: 'active',
    lastcheck: null
  },
  detailResults: {
    id: 47,
    alertid: 56,
    waitforcandleclose: 1,
    interval: '15m',
    type: 'TARGET_LOWER',
    target_value: '1.83500000',
    lower_value: null,
    upper_value: null,
    created_at: 2025-04-15T07:34:52.000Z,
    updated_at: 2025-04-15T07:34:52.000Z,
    last_check: null
  },
  candleResult: null
}
missing alert!
✅ Done!
{
  alert: {
    alertid: 48,
    userid: 1,
    productid: 3,
    title: 'Üstüne çıkınca satınal',
    type: 'price',
    created_at: 2025-04-10T10:21:02.000Z,
    updated_at: 2025-04-10T10:21:02.000Z,
    validated_until: 2025-04-26T21:00:00.000Z,
    status: 'active',
    lastcheck: null
  },
  detailResults: {
    id: 39,
    alertid: 48,
    waitforcandleclose: 1,
    interval: '15m',
    type: 'TARGET_UPPER',
    target_value: '0.00776400',
    lower_value: null,
    upper_value: null,
    created_at: 2025-04-10T10:21:02.000Z,
    updated_at: 2025-04-11T18:55:50.000Z,
    last_check: null
  },
  candleResult: {
    id: 4193,
    interval: '15m',
    check_date: 2025-04-15T12:15:03.000Z,
    product_id: 3,
    open_time: 1744718400000,
    open: '0.007400000000000000',
    high: '0.007434000000000000',
    low: '0.007385000000000000',
    close: '0.007412000000000000',
    volume: '3632428.500000000000000000',
    close_time: 1744719299999,
    created_at: 2025-04-15T09:15:04.000Z
  }
}
missing alert!
{
  alert: {
    alertid: 51,
    userid: 1,
    productid: 2,
    title: 'Kanal dışına çıkıncı işleme gir',
    type: 'price',
    created_at: 2025-04-10T10:27:02.000Z,
    updated_at: 2025-04-10T10:27:02.000Z,
    validated_until: 2025-06-28T21:00:00.000Z,
    status: 'active',
    lastcheck: null
  },
  detailResults: {
    id: 42,
    alertid: 51,
    waitforcandleclose: 1,
    interval: '15m',
    type: 'TARGET_CANAL_OUTSIDE',
    target_value: null,
    lower_value: '1501.00000000',
    upper_value: '1641.00000000',
    created_at: 2025-04-10T10:27:02.000Z,
    updated_at: 2025-04-10T10:27:02.000Z,
    last_check: null
  },
  candleResult: {
    id: 4196,
    interval: '15m',
    check_date: 2025-04-15T12:15:03.000Z,
    product_id: 2,
    open_time: 1744718400000,
    open: '1632.060000000000000000',
    high: '1638.300000000000000000',
    low: '1630.670000000000000000',
    close: '1636.150000000000000000',
    volume: '3185.398500000000000000',
    close_time: 1744719299999,
    created_at: 2025-04-15T09:15:05.000Z
  }
}
missing alert!
{
  alert: {
    alertid: 56,
    userid: 1,
    productid: 197,
    title: 'İşlemde - Altına inerse sat',
    type: 'price',
    created_at: 2025-04-15T07:34:51.000Z,
    updated_at: 2025-04-15T07:34:51.000Z,
    validated_until: 2025-04-24T21:00:00.000Z,
    status: 'active',
    lastcheck: null
  },
  detailResults: {
    id: 47,
    alertid: 56,
    waitforcandleclose: 1,
    interval: '15m',
    type: 'TARGET_LOWER',
    target_value: '1.83500000',
    lower_value: null,
    upper_value: null,
    created_at: 2025-04-15T07:34:52.000Z,
    updated_at: 2025-04-15T07:34:52.000Z,
    last_check: null
  },
  candleResult: null
}
missing alert!
✅ Done!
{
  alert: {
    alertid: 48,
    userid: 1,
    productid: 3,
    title: 'Üstüne çıkınca satınal',
    type: 'price',
    created_at: 2025-04-10T10:21:02.000Z,
    updated_at: 2025-04-10T10:21:02.000Z,
    validated_until: 2025-04-26T21:00:00.000Z,
    status: 'active',
    lastcheck: null
  },
  detailResults: {
    id: 39,
    alertid: 48,
    waitforcandleclose: 1,
    interval: '15m',
    type: 'TARGET_UPPER',
    target_value: '0.00776400',
    lower_value: null,
    upper_value: null,
    created_at: 2025-04-10T10:21:02.000Z,
    updated_at: 2025-04-11T18:55:50.000Z,
    last_check: null
  },
  candleResult: {
    id: 7,
    interval: '15m',
    check_date: 2025-04-15T12:35:12.000Z,
    product_id: 3,
    open_time: 1744719300000,
    open: '0.007411000000000000',
    high: '0.007426000000000000',
    low: '0.007328000000000000',
    close: '0.007328000000000000',
    volume: '6045671.300000000000000000',
    close_time: 1744720199999,
    created_at: 2025-04-15T09:34:10.000Z
  }
}
missing alert!
{
  alert: {
    alertid: 51,
    userid: 1,
    productid: 2,
    title: 'Kanal dışına çıkıncı işleme gir',
    type: 'price',
    created_at: 2025-04-10T10:27:02.000Z,
    updated_at: 2025-04-10T10:27:02.000Z,
    validated_until: 2025-06-28T21:00:00.000Z,
    status: 'active',
    lastcheck: null
  },
  detailResults: {
    id: 42,
    alertid: 51,
    waitforcandleclose: 1,
    interval: '15m',
    type: 'TARGET_CANAL_OUTSIDE',
    target_value: null,
    lower_value: '1501.00000000',
    upper_value: '1641.00000000',
    created_at: 2025-04-10T10:27:02.000Z,
    updated_at: 2025-04-10T10:27:02.000Z,
    last_check: null
  },
  candleResult: {
    id: 8,
    interval: '15m',
    check_date: 2025-04-15T12:35:12.000Z,
    product_id: 2,
    open_time: 1744719300000,
    open: '1636.140000000000000000',
    high: '1637.200000000000000000',
    low: '1629.600000000000000000',
    close: '1631.380000000000000000',
    volume: '3973.961400000000000000',
    close_time: 1744720199999,
    created_at: 2025-04-15T09:34:10.000Z
  }
}
missing alert!
{
  alert: {
    alertid: 56,
    userid: 1,
    productid: 197,
    title: 'İşlemde - Altına inerse sat',
    type: 'price',
    created_at: 2025-04-15T07:34:51.000Z,
    updated_at: 2025-04-15T07:34:51.000Z,
    validated_until: 2025-04-24T21:00:00.000Z,
    status: 'active',
    lastcheck: null
  },
  detailResults: {
    id: 47,
    alertid: 56,
    waitforcandleclose: 1,
    interval: '15m',
    type: 'TARGET_LOWER',
    target_value: '1.83500000',
    lower_value: null,
    upper_value: null,
    created_at: 2025-04-15T07:34:52.000Z,
    updated_at: 2025-04-15T07:34:52.000Z,
    last_check: null
  },
  candleResult: {
    id: 164,
    interval: '15m',
    check_date: 2025-04-15T12:35:13.000Z,
    product_id: 197,
    open_time: 1744719300000,
    open: '1.854000000000000000',
    high: '1.856000000000000000',
    low: '1.843000000000000000',
    close: '1.846000000000000000',
    volume: '43490.600000000000000000',
    close_time: 1744720199999,
    created_at: 2025-04-15T09:35:13.000Z
  }
}
missing alert!
✅ Done!
{
  alert: {
    alertid: 48,
    userid: 1,
    productid: 3,
    title: 'Üstüne çıkınca satınal',
    type: 'price',
    created_at: 2025-04-10T10:21:02.000Z,
    updated_at: 2025-04-10T10:21:02.000Z,
    validated_until: 2025-04-26T21:00:00.000Z,
    status: 'active',
    lastcheck: null
  },
  detailResults: {
    id: 39,
    alertid: 48,
    waitforcandleclose: 1,
    interval: '15m',
    type: 'TARGET_UPPER',
    target_value: '0.00776400',
    lower_value: null,
    upper_value: null,
    created_at: 2025-04-10T10:21:02.000Z,
    updated_at: 2025-04-11T18:55:50.000Z,
    last_check: null
  },
  candleResult: {
    id: 179,
    interval: '15m',
    check_date: 2025-04-15T12:45:02.000Z,
    product_id: 3,
    open_time: 1744720200000,
    open: '0.007329000000000000',
    high: '0.007351000000000000',
    low: '0.007312000000000000',
    close: '0.007329000000000000',
    volume: '4347950.000000000000000000',
    close_time: 1744721099999,
    created_at: 2025-04-15T09:45:02.000Z
  }
}
missing alert!
{
  alert: {
    alertid: 51,
    userid: 1,
    productid: 2,
    title: 'Kanal dışına çıkıncı işleme gir',
    type: 'price',
    created_at: 2025-04-10T10:27:02.000Z,
    updated_at: 2025-04-10T10:27:02.000Z,
    validated_until: 2025-06-28T21:00:00.000Z,
    status: 'active',
    lastcheck: null
  },
  detailResults: {
    id: 42,
    alertid: 51,
    waitforcandleclose: 1,
    interval: '15m',
    type: 'TARGET_CANAL_OUTSIDE',
    target_value: null,
    lower_value: '1501.00000000',
    upper_value: '1641.00000000',
    created_at: 2025-04-10T10:27:02.000Z,
    updated_at: 2025-04-10T10:27:02.000Z,
    last_check: null
  },
  candleResult: {
    id: 172,
    interval: '15m',
    check_date: 2025-04-15T12:45:02.000Z,
    product_id: 2,
    open_time: 1744720200000,
    open: '1631.370000000000000000',
    high: '1635.430000000000000000',
    low: '1629.060000000000000000',
    close: '1634.450000000000000000',
    volume: '4492.456300000000000000',
    close_time: 1744721099999,
    created_at: 2025-04-15T09:45:02.000Z
  }
}
missing alert!
{
  alert: {
    alertid: 56,
    userid: 1,
    productid: 197,
    title: 'İşlemde - Altına inerse sat',
    type: 'price',
    created_at: 2025-04-15T07:34:51.000Z,
    updated_at: 2025-04-15T07:34:51.000Z,
    validated_until: 2025-04-24T21:00:00.000Z,
    status: 'active',
    lastcheck: null
  },
  detailResults: {
    id: 47,
    alertid: 56,
    waitforcandleclose: 1,
    interval: '15m',
    type: 'TARGET_LOWER',
    target_value: '1.83500000',
    lower_value: null,
    upper_value: null,
    created_at: 2025-04-15T07:34:52.000Z,
    updated_at: 2025-04-15T07:34:52.000Z,
    last_check: null
  },
  candleResult: {
    id: 242,
    interval: '15m',
    check_date: 2025-04-15T12:45:02.000Z,
    product_id: 197,
    open_time: 1744720200000,
    open: '1.845000000000000000',
    high: '1.849000000000000000',
    low: '1.842000000000000000',
    close: '1.843000000000000000',
    volume: '37837.690000000000000000',
    close_time: 1744721099999,
    created_at: 2025-04-15T09:45:02.000Z
  }
}
missing alert!
✅ Done!
{
  alert: {
    alertid: 48,
    userid: 1,
    productid: 3,
    title: 'Üstüne çıkınca satınal',
    type: 'price',
    created_at: 2025-04-10T10:21:02.000Z,
    updated_at: 2025-04-10T10:21:02.000Z,
    validated_until: 2025-04-26T21:00:00.000Z,
    status: 'active',
    lastcheck: null
  },
  detailResults: {
    id: 39,
    alertid: 48,
    waitforcandleclose: 1,
    interval: '15m',
    type: 'TARGET_UPPER',
    target_value: '0.00776400',
    lower_value: null,
    upper_value: null,
    created_at: 2025-04-10T10:21:02.000Z,
    updated_at: 2025-04-11T18:55:50.000Z,
    last_check: null
  },
  candleResult: {
    id: 328,
    interval: '15m',
    check_date: 2025-04-15T13:00:02.000Z,
    product_id: 3,
    open_time: 1744721100000,
    open: '0.007327000000000000',
    high: '0.007357000000000000',
    low: '0.007300000000000000',
    close: '0.007355000000000000',
    volume: '6566579.700000000000000000',
    close_time: 1744721999999,
    created_at: 2025-04-15T10:00:02.000Z
  }
}
missing alert!
{
  alert: {
    alertid: 51,
    userid: 1,
    productid: 2,
    title: 'Kanal dışına çıkıncı işleme gir',
    type: 'price',
    created_at: 2025-04-10T10:27:02.000Z,
    updated_at: 2025-04-10T10:27:02.000Z,
    validated_until: 2025-06-28T21:00:00.000Z,
    status: 'active',
    lastcheck: null
  },
  detailResults: {
    id: 42,
    alertid: 51,
    waitforcandleclose: 1,
    interval: '15m',
    type: 'TARGET_CANAL_OUTSIDE',
    target_value: null,
    lower_value: '1501.00000000',
    upper_value: '1641.00000000',
    created_at: 2025-04-10T10:27:02.000Z,
    updated_at: 2025-04-10T10:27:02.000Z,
    last_check: null
  },
  candleResult: {
    id: 330,
    interval: '15m',
    check_date: 2025-04-15T13:00:02.000Z,
    product_id: 2,
    open_time: 1744721100000,
    open: '1634.460000000000000000',
    high: '1642.900000000000000000',
    low: '1632.470000000000000000',
    close: '1641.940000000000000000',
    volume: '3696.591700000000000000',
    close_time: 1744721999999,
    created_at: 2025-04-15T10:00:02.000Z
  }
}
missing alert!
{
  alert: {
    alertid: 56,
    userid: 1,
    productid: 197,
    title: 'İşlemde - Altına inerse sat',
    type: 'price',
    created_at: 2025-04-15T07:34:51.000Z,
    updated_at: 2025-04-15T07:34:51.000Z,
    validated_until: 2025-04-24T21:00:00.000Z,
    status: 'active',
    lastcheck: null
  },
  detailResults: {
    id: 47,
    alertid: 56,
    waitforcandleclose: 1,
    interval: '15m',
    type: 'TARGET_LOWER',
    target_value: '1.83500000',
    lower_value: null,
    upper_value: null,
    created_at: 2025-04-15T07:34:52.000Z,
    updated_at: 2025-04-15T07:34:52.000Z,
    last_check: null
  },
  candleResult: {
    id: 326,
    interval: '15m',
    check_date: 2025-04-15T13:00:02.000Z,
    product_id: 197,
    open_time: 1744721100000,
    open: '1.843000000000000000',
    high: '1.850000000000000000',
    low: '1.842000000000000000',
    close: '1.849000000000000000',
    volume: '89146.180000000000000000',
    close_time: 1744721999999,
    created_at: 2025-04-15T10:00:02.000Z
  }
}
missing alert!
✅ Done!
{
  alert: {
    alertid: 48,
    userid: 1,
    productid: 3,
    title: 'Üstüne çıkınca satınal',
    type: 'price',
    created_at: 2025-04-10T10:21:02.000Z,
    updated_at: 2025-04-10T10:21:02.000Z,
    validated_until: 2025-04-26T21:00:00.000Z,
    status: 'active',
    lastcheck: null
  },
  detailResults: {
    id: 39,
    alertid: 48,
    waitforcandleclose: 1,
    interval: '15m',
    type: 'TARGET_UPPER',
    target_value: '0.00776400',
    lower_value: null,
    upper_value: null,
    created_at: 2025-04-10T10:21:02.000Z,
    updated_at: 2025-04-11T18:55:50.000Z,
    last_check: null
  },
  candleResult: {
    id: 413,
    interval: '15m',
    check_date: 2025-04-15T13:15:02.000Z,
    product_id: 3,
    open_time: 1744722000000,
    open: '0.007356000000000000',
    high: '0.007388000000000000',
    low: '0.007337000000000000',
    close: '0.007376000000000000',
    volume: '4802318.300000000000000000',
    close_time: 1744722899999,
    created_at: 2025-04-15T10:15:02.000Z
  }
}
missing alert!
{
  alert: {
    alertid: 51,
    userid: 1,
    productid: 2,
    title: 'Kanal dışına çıkıncı işleme gir',
    type: 'price',
    created_at: 2025-04-10T10:27:02.000Z,
    updated_at: 2025-04-10T10:27:02.000Z,
    validated_until: 2025-06-28T21:00:00.000Z,
    status: 'active',
    lastcheck: null
  },
  detailResults: {
    id: 42,
    alertid: 51,
    waitforcandleclose: 1,
    interval: '15m',
    type: 'TARGET_CANAL_OUTSIDE',
    target_value: null,
    lower_value: '1501.00000000',
    upper_value: '1641.00000000',
    created_at: 2025-04-10T10:27:02.000Z,
    updated_at: 2025-04-10T10:27:02.000Z,
    last_check: null
  },
  candleResult: {
    id: 340,
    interval: '15m',
    check_date: 2025-04-15T13:15:02.000Z,
    product_id: 2,
    open_time: 1744722000000,
    open: '1641.940000000000000000',
    high: '1645.480000000000000000',
    low: '1639.510000000000000000',
    close: '1642.460000000000000000',
    volume: '4237.299400000000000000',
    close_time: 1744722899999,
    created_at: 2025-04-15T10:15:02.000Z
  }
}
missing alert!
{
  alert: {
    alertid: 56,
    userid: 1,
    productid: 197,
    title: 'İşlemde - Altına inerse sat',
    type: 'price',
    created_at: 2025-04-15T07:34:51.000Z,
    updated_at: 2025-04-15T07:34:51.000Z,
    validated_until: 2025-04-24T21:00:00.000Z,
    status: 'active',
    lastcheck: null
  },
  detailResults: {
    id: 47,
    alertid: 56,
    waitforcandleclose: 1,
    interval: '15m',
    type: 'TARGET_LOWER',
    target_value: '1.83500000',
    lower_value: null,
    upper_value: null,
    created_at: 2025-04-15T07:34:52.000Z,
    updated_at: 2025-04-15T07:34:52.000Z,
    last_check: null
  },
  candleResult: {
    id: 409,
    interval: '15m',
    check_date: 2025-04-15T13:15:02.000Z,
    product_id: 197,
    open_time: 1744722000000,
    open: '1.850000000000000000',
    high: '1.853000000000000000',
    low: '1.844000000000000000',
    close: '1.848000000000000000',
    volume: '66173.120000000000000000',
    close_time: 1744722899999,
    created_at: 2025-04-15T10:15:02.000Z
  }
}
missing alert!
✅ Done!
{
  alert: {
    alertid: 48,
    userid: 1,
    productid: 3,
    title: 'Üstüne çıkınca satınal',
    type: 'price',
    created_at: 2025-04-10T10:21:02.000Z,
    updated_at: 2025-04-10T10:21:02.000Z,
    validated_until: 2025-04-26T21:00:00.000Z,
    status: 'active',
    lastcheck: null
  },
  detailResults: {
    id: 39,
    alertid: 48,
    waitforcandleclose: 1,
    interval: '15m',
    type: 'TARGET_UPPER',
    target_value: '0.00776400',
    lower_value: null,
    upper_value: null,
    created_at: 2025-04-10T10:21:02.000Z,
    updated_at: 2025-04-11T18:55:50.000Z,
    last_check: null
  },
  candleResult: {
    id: 422,
    interval: '15m',
    check_date: 2025-04-15T13:30:01.000Z,
    product_id: 3,
    open_time: 1744722900000,
    open: '0.007376000000000000',
    high: '0.007383000000000000',
    low: '0.007311000000000000',
    close: '0.007377000000000000',
    volume: '6636685.800000000000000000',
    close_time: 1744723799999,
    created_at: 2025-04-15T10:30:02.000Z
  }
}
missing alert!
{
  alert: {
    alertid: 51,
    userid: 1,
    productid: 2,
    title: 'Kanal dışına çıkıncı işleme gir',
    type: 'price',
    created_at: 2025-04-10T10:27:02.000Z,
    updated_at: 2025-04-10T10:27:02.000Z,
    validated_until: 2025-06-28T21:00:00.000Z,
    status: 'active',
    lastcheck: null
  },
  detailResults: {
    id: 42,
    alertid: 51,
    waitforcandleclose: 1,
    interval: '15m',
    type: 'TARGET_CANAL_OUTSIDE',
    target_value: null,
    lower_value: '1501.00000000',
    upper_value: '1641.00000000',
    created_at: 2025-04-10T10:27:02.000Z,
    updated_at: 2025-04-10T10:27:02.000Z,
    last_check: null
  },
  candleResult: {
    id: 423,
    interval: '15m',
    check_date: 2025-04-15T13:30:02.000Z,
    product_id: 2,
    open_time: 1744722900000,
    open: '1642.460000000000000000',
    high: '1643.420000000000000000',
    low: '1635.090000000000000000',
    close: '1640.030000000000000000',
    volume: '6404.000400000000000000',
    close_time: 1744723799999,
    created_at: 2025-04-15T10:30:02.000Z
  }
}
missing alert!
{
  alert: {
    alertid: 56,
    userid: 1,
    productid: 197,
    title: 'İşlemde - Altına inerse sat',
    type: 'price',
    created_at: 2025-04-15T07:34:51.000Z,
    updated_at: 2025-04-15T07:34:51.000Z,
    validated_until: 2025-04-24T21:00:00.000Z,
    status: 'active',
    lastcheck: null
  },
  detailResults: {
    id: 47,
    alertid: 56,
    waitforcandleclose: 1,
    interval: '15m',
    type: 'TARGET_LOWER',
    target_value: '1.83500000',
    lower_value: null,
    upper_value: null,
    created_at: 2025-04-15T07:34:52.000Z,
    updated_at: 2025-04-15T07:34:52.000Z,
    last_check: null
  },
  candleResult: {
    id: 494,
    interval: '15m',
    check_date: 2025-04-15T13:30:02.000Z,
    product_id: 197,
    open_time: 1744722900000,
    open: '1.848000000000000000',
    high: '1.850000000000000000',
    low: '1.842000000000000000',
    close: '1.847000000000000000',
    volume: '27723.690000000000000000',
    close_time: 1744723799999,
    created_at: 2025-04-15T10:30:02.000Z
  }
}
missing alert!
✅ Done!
{
  alert: {
    alertid: 48,
    userid: 1,
    productid: 3,
    title: 'Üstüne çıkınca satınal',
    type: 'price',
    created_at: 2025-04-10T10:21:02.000Z,
    updated_at: 2025-04-10T10:21:02.000Z,
    validated_until: 2025-04-26T21:00:00.000Z,
    status: 'active',
    lastcheck: null
  },
  detailResults: {
    id: 39,
    alertid: 48,
    waitforcandleclose: 1,
    interval: '15m',
    type: 'TARGET_UPPER',
    target_value: '0.00776400',
    lower_value: null,
    upper_value: null,
    created_at: 2025-04-10T10:21:02.000Z,
    updated_at: 2025-04-11T18:55:50.000Z,
    last_check: null
  },
  candleResult: {
    id: 422,
    interval: '15m',
    check_date: 2025-04-15T13:30:01.000Z,
    product_id: 3,
    open_time: 1744722900000,
    open: '0.007376000000000000',
    high: '0.007383000000000000',
    low: '0.007311000000000000',
    close: '0.007377000000000000',
    volume: '6636685.800000000000000000',
    close_time: 1744723799999,
    created_at: 2025-04-15T10:30:02.000Z
  }
}
missing alert!
{
  alert: {
    alertid: 51,
    userid: 1,
    productid: 2,
    title: 'Kanal dışına çıkıncı işleme gir',
    type: 'price',
    created_at: 2025-04-10T10:27:02.000Z,
    updated_at: 2025-04-10T10:27:02.000Z,
    validated_until: 2025-06-28T21:00:00.000Z,
    status: 'active',
    lastcheck: null
  },
  detailResults: {
    id: 42,
    alertid: 51,
    waitforcandleclose: 1,
    interval: '15m',
    type: 'TARGET_CANAL_OUTSIDE',
    target_value: null,
    lower_value: '1501.00000000',
    upper_value: '1641.00000000',
    created_at: 2025-04-10T10:27:02.000Z,
    updated_at: 2025-04-10T10:27:02.000Z,
    last_check: null
  },
  candleResult: {
    id: 423,
    interval: '15m',
    check_date: 2025-04-15T13:30:02.000Z,
    product_id: 2,
    open_time: 1744722900000,
    open: '1642.460000000000000000',
    high: '1643.420000000000000000',
    low: '1635.090000000000000000',
    close: '1640.030000000000000000',
    volume: '6404.000400000000000000',
    close_time: 1744723799999,
    created_at: 2025-04-15T10:30:02.000Z
  }
}
missing alert!
{
  alert: {
    alertid: 56,
    userid: 1,
    productid: 197,
    title: 'İşlemde - Altına inerse sat',
    type: 'price',
    created_at: 2025-04-15T07:34:51.000Z,
    updated_at: 2025-04-15T07:34:51.000Z,
    validated_until: 2025-04-24T21:00:00.000Z,
    status: 'active',
    lastcheck: null
  },
  detailResults: {
    id: 47,
    alertid: 56,
    waitforcandleclose: 1,
    interval: '15m',
    type: 'TARGET_LOWER',
    target_value: '1.83500000',
    lower_value: null,
    upper_value: null,
    created_at: 2025-04-15T07:34:52.000Z,
    updated_at: 2025-04-15T07:34:52.000Z,
    last_check: null
  },
  candleResult: {
    id: 494,
    interval: '15m',
    check_date: 2025-04-15T13:30:02.000Z,
    product_id: 197,
    open_time: 1744722900000,
    open: '1.848000000000000000',
    high: '1.850000000000000000',
    low: '1.842000000000000000',
    close: '1.847000000000000000',
    volume: '27723.690000000000000000',
    close_time: 1744723799999,
    created_at: 2025-04-15T10:30:02.000Z
  }
}
missing alert!
✅ Done!
✅ Done!
✅ Done!
✅ Done!
✅ Done!
✅ Done!
✅ Done!
✅ Done!
✅ Done!
✅ Done!
✅ Done!
✅ Done!
✅ Done!
✅ Done!
✅ Done!
✅ Done!
✅ Done!
✅ Done!
✅ Done!
✅ Done!
✅ Done!
✅ Done!
✅ Done!
✅ Done!
✅ Done!
✅ Done!
✅ Done!
✅ Done!
✅ Done!
✅ Done!
✅ Done!
✅ Done!
✅ Done!
✅ Done!
✅ Done!
✅ Done!
✅ Done!
✅ Done!
✅ Done!
✅ Done!
✅ Done!
✅ Done!
✅ Done!
✅ Done!
✅ Done!
✅ Done!
✅ Done!
✅ Done!
✅ Done!
✅ Done!
✅ Done!
✅ Done!
✅ Done!
✅ Done!
✅ Done!
✅ Done!
✅ Done!
✅ Done!
✅ Done!
✅ Done!
✅ Done!
✅ Done!
✅ Done!
✅ Done!
✅ Done!
✅ Done!
✅ Done!
✅ Done!
✅ Done!
✅ Done!
✅ Done!
✅ Done!
✅ Done!
✅ Done!
✅ Done!
✅ Done!
✅ Done!
✅ Done!
✅ Done!
✅ Done!
✅ Done!
✅ Done!
✅ Done!
✅ Done!
✅ Done!
✅ Done!
✅ Done!
✅ Done!
✅ Done!
✅ Done!
✅ Done!
✅ Done!
✅ Done!
✅ Done!
✅ Done!
✅ Done!
✅ Done!
✅ Done!
✅ Done!
✅ Done!
✅ Done!
✅ Done!
✅ Done!
✅ Done!
✅ Done!
✅ Done!
✅ Done!
✅ Done!
✅ Done!
✅ Done!
✅ Done!
✅ Done!
✅ Done!
✅ Done!
✅ Done!
✅ Done!
